<?xml version="1.0" encoding="UTF-8"?>
<!-- Generated by org.testng.reporters.JUnitReportReporter -->
<testsuite hostname="Administrators-MacBook-Pro.local" failures="0" tests="4" name="Helper.ApiHelper" time="3.187" errors="0" timestamp="2020-07-02T07:58:03 IST" skipped="0">
  <testcase classname="Helper.ApiHelper" name="getUsers" time="0.164"/>
  <system-out/>
  <testcase classname="Helper.ApiHelper" name="createUser" time="3.022"/>
  <system-out/>
  <testcase classname="Helper.ApiHelper" name="updateUser" time="0.001"/>
  <system-out/>
  <testcase classname="Helper.ApiHelper" name="getListOfUsers" time="0.000"/>
  <system-out/>
</testsuite> <!-- Helper.ApiHelper -->
